<?xml version="1.0" encoding="UTF-8"?>
<!-- Generated by org.testng.reporters.JUnitXMLReporter -->
<testsuite hostname="pavann" name="test1" tests="4" failures="0" timestamp="22 Sep 2014 06:03:14 GMT" time="160.959" errors="0">
  <testcase name="Video" time="15.702" classname="com.espn.cricinfo.Usa_video"/>
  <testcase name="shoplink" time="65.509" classname="com.espn.cricinfo.Shop"/>
  <testcase name="results" time="26.472" classname="com.espn.cricinfo.cricinfo"/>
  <testcase name="poll" time="19.45" classname="com.espn.cricinfo.Poll"/>
</testsuite> <!-- test1 -->
